<?xml version="1.0" encoding="UTF-8"?>
<Site BuildName="(empty)"
	BuildStamp="20251125-1026-Experimental"
	Name="(empty)"
	Generator="ctest-4.2.0"
	CompilerName=""
	CompilerVersion=""
	OSName="Windows"
	Hostname="cyborg"
	OSRelease="10.0.26200"
	OSVersion="Windows 10"
	OSPlatform="AMD64"
	Is64Bits="1"
	VendorString="GenuineIntel"
	VendorID="Intel Corporation"
	FamilyID="6"
	ModelID="10"
	ModelName=""
	ProcessorCacheSize="-1"
	NumberOfLogicalCPU="16"
	NumberOfPhysicalCPU="10"
	TotalVirtualMemory="21975"
	TotalPhysicalMemory="16087"
	LogicalProcessorsPerPhysical="1"
	ProcessorClockFrequency="2400"
	>
	<Testing>
		<StartDateTime>Dec 14 22:01 Pakistan Standard Time</StartDateTime>
		<StartTestTime>1765731669</StartTestTime>
		<TestList/>
		<EndDateTime>Dec 14 22:01 Pakistan Standard Time</EndDateTime>
		<EndTestTime>1765731669</EndTestTime>
		<ElapsedMinutes>0</ElapsedMinutes>
	</Testing>
</Site>
